Hmm ... looks like a package

This is pdfTeX, Version 3.14159265-2.6-1.40.21 (TeX Live 2020) (preloaded format=pdflatex)
 restricted \write18 enabled.
entering extended mode
LaTeX2e <2020-02-02> patch level 5
L3 programming layer <2020-03-06>
(./Rd2.tex
(/usr/local/texlive/2020/texmf-dist/tex/latex/base/book.cls
Document Class: book 2019/12/20 v1.4l Standard LaTeX document class
(/usr/local/texlive/2020/texmf-dist/tex/latex/base/bk10.clo))
(/Library/Frameworks/R.framework/Resources/share/texmf/tex/latex/Rd.sty
(/usr/local/texlive/2020/texmf-dist/tex/latex/base/ifthen.sty)
(/usr/local/texlive/2020/texmf-dist/tex/latex/tools/longtable.sty)
(/usr/local/texlive/2020/texmf-dist/tex/latex/tools/bm.sty)
(/usr/local/texlive/2020/texmf-dist/tex/latex/base/alltt.sty)
(/usr/local/texlive/2020/texmf-dist/tex/latex/tools/verbatim.sty)
(/usr/local/texlive/2020/texmf-dist/tex/latex/url/url.sty)
(/usr/local/texlive/2020/texmf-dist/tex/latex/base/textcomp.sty)
(/usr/local/texlive/2020/texmf-dist/tex/latex/base/fontenc.sty)
(/usr/local/texlive/2020/texmf-dist/tex/latex/psnfss/times.sty)
(/usr/local/texlive/2020/texmf-dist/tex/latex/inconsolata/zi4.sty
`inconsolata-zi4' v1.12, 2019/05/17 Text macros for Inconsolata (msharpe)
(/usr/local/texlive/2020/texmf-dist/tex/latex/xkeyval/xkeyval.sty
(/usr/local/texlive/2020/texmf-dist/tex/generic/xkeyval/xkeyval.tex
(/usr/local/texlive/2020/texmf-dist/tex/generic/xkeyval/xkvutils.tex
(/usr/local/texlive/2020/texmf-dist/tex/generic/xkeyval/keyval.tex)))))
(/usr/local/texlive/2020/texmf-dist/tex/latex/graphics/color.sty
(/usr/local/texlive/2020/texmf-dist/tex/latex/graphics-cfg/color.cfg)
(/usr/local/texlive/2020/texmf-dist/tex/latex/graphics-def/pdftex.def))
(/usr/local/texlive/2020/texmf-dist/tex/latex/hyperref/hyperref.sty
(/usr/local/texlive/2020/texmf-dist/tex/generic/ltxcmds/ltxcmds.sty)
(/usr/local/texlive/2020/texmf-dist/tex/generic/iftex/iftex.sty)
(/usr/local/texlive/2020/texmf-dist/tex/latex/pdftexcmds/pdftexcmds.sty
(/usr/local/texlive/2020/texmf-dist/tex/generic/infwarerr/infwarerr.sty))
(/usr/local/texlive/2020/texmf-dist/tex/generic/kvsetkeys/kvsetkeys.sty)
(/usr/local/texlive/2020/texmf-dist/tex/generic/kvdefinekeys/kvdefinekeys.sty)
(/usr/local/texlive/2020/texmf-dist/tex/generic/pdfescape/pdfescape.sty)
(/usr/local/texlive/2020/texmf-dist/tex/latex/hycolor/hycolor.sty)
(/usr/local/texlive/2020/texmf-dist/tex/latex/letltxmacro/letltxmacro.sty)
(/usr/local/texlive/2020/texmf-dist/tex/latex/auxhook/auxhook.sty)
(/usr/local/texlive/2020/texmf-dist/tex/latex/kvoptions/kvoptions.sty)
(/usr/local/texlive/2020/texmf-dist/tex/latex/hyperref/pd1enc.def)
(/usr/local/texlive/2020/texmf-dist/tex/generic/intcalc/intcalc.sty)
(/usr/local/texlive/2020/texmf-dist/tex/generic/etexcmds/etexcmds.sty)
(/usr/local/texlive/2020/texmf-dist/tex/generic/bitset/bitset.sty
(/usr/local/texlive/2020/texmf-dist/tex/generic/bigintcalc/bigintcalc.sty))
(/usr/local/texlive/2020/texmf-dist/tex/generic/atbegshi/atbegshi.sty))
(/usr/local/texlive/2020/texmf-dist/tex/latex/hyperref/hpdftex.def
(/usr/local/texlive/2020/texmf-dist/tex/latex/atveryend/atveryend.sty)
(/usr/local/texlive/2020/texmf-dist/tex/latex/rerunfilecheck/rerunfilecheck.sty

(/usr/local/texlive/2020/texmf-dist/tex/generic/uniquecounter/uniquecounter.sty
)))

Package hyperref Warning: Option `hyperindex' has already been used,
(hyperref)                setting the option has no effect on input line 377.


Package hyperref Warning: Option `pagebackref' has already been used,
(hyperref)                setting the option has no effect on input line 377.

) (/usr/local/texlive/2020/texmf-dist/tex/latex/base/makeidx.sty)
(/usr/local/texlive/2020/texmf-dist/tex/latex/base/inputenc.sty)
Writing index file Rd2.idx
(/usr/local/texlive/2020/texmf-dist/tex/latex/l3backend/l3backend-pdfmode.def)
No file Rd2.aux.
(/usr/local/texlive/2020/texmf-dist/tex/latex/psnfss/t1ptm.fd)
(/usr/local/texlive/2020/texmf-dist/tex/context/base/mkii/supp-pdf.mkii
[Loading MPS to PDF converter (version 2006.09.02).]
) (/usr/local/texlive/2020/texmf-dist/tex/latex/hyperref/nameref.sty
(/usr/local/texlive/2020/texmf-dist/tex/latex/refcount/refcount.sty)
(/usr/local/texlive/2020/texmf-dist/tex/generic/gettitlestring/gettitlestring.s
ty)) (/usr/local/texlive/2020/texmf-dist/tex/latex/inconsolata/t1zi4.fd)
(/usr/local/texlive/2020/texmf-dist/tex/latex/psnfss/t1phv.fd

LaTeX Warning: Font shape declaration has incorrect series value `mc'.
               It should not contain an `m'! Please correct it.
               Found on input line 20.


LaTeX Warning: Font shape declaration has incorrect series value `mc'.
               It should not contain an `m'! Please correct it.
               Found on input line 23.


LaTeX Warning: Font shape declaration has incorrect series value `mc'.
               It should not contain an `m'! Please correct it.
               Found on input line 26.


LaTeX Warning: Font shape declaration has incorrect series value `mc'.
               It should not contain an `m'! Please correct it.
               Found on input line 46.

) [1{/usr/local/texlive/2020/texmf-var/fonts/map/pdftex/updmap/pdftex.map}]
[2] [3] [4] [5]
Overfull \hbox (1.47833pt too wide) in paragraph at lines 318--320
[]\T1/ptm/m/n/10 the set of ex-plicit data-driven breaks as used (by DE-FAULT) 
by the \T1/zi4/m/n/10 mcReserve()
[6] [7] [8] [9]
(/usr/local/texlive/2020/texmf-dist/tex/latex/inconsolata/ts1zi4.fd) [10]
[11] [12] [13] [14] [15]
Overfull \hbox (37.26941pt too wide) in paragraph at lines 950--957
\T1/ptm/m/n/10 pack-age (specif-i-cally the func-tions \T1/zi4/m/n/10 chainladd
er()\T1/ptm/m/n/10 , \T1/zi4/m/n/10 glmReserve()\T1/ptm/m/n/10 , \T1/zi4/m/n/10
 tweedieReserve()\T1/ptm/m/n/10 ,

Overfull \hbox (36.94911pt too wide) in paragraph at lines 950--957
\T1/ptm/m/n/10 and \T1/zi4/m/n/10 MackChainLadder()\T1/ptm/m/n/10 ). The fol-lo
w-ing \T1/zi4/m/n/10 object\T1/ptm/m/n/10 's classes are al-lowed: \T1/zi4/m/n/
10 profileLadder\T1/ptm/m/n/10 ,
[16]
Overfull \hbox (1.1975pt too wide) in paragraph at lines 982--989
[]\T1/ptm/m/n/10 numeric vec-tor with four val-ues sum-ma-riz-ing the es-ti-mat
ed re-serve: Paid amount
[17] [18]
Overfull \hbox (11.88936pt too wide) in paragraph at lines 1141--1143
[]\T1/ptm/m/n/10 an ob-ject of the class \T1/zi4/m/n/10 permutedReserve \T1/ptm
/m/n/10 -- i.e., the out-put of the \T1/zi4/m/n/10 permuteReserve()
[19]
Overfull \hbox (31.46959pt too wide) in paragraph at lines 1199--1201
[]\T1/ptm/m/n/10 an ob-ject of the class \T1/zi4/m/n/10 profileLadder \T1/ptm/m
/n/10 (out-put form \T1/zi4/m/n/10 parallelReserve()\T1/ptm/m/n/10 , \T1/zi4/m/
n/10 mcReserve()\T1/ptm/m/n/10 ,
[20] [21] [22] [23]
Overfull \hbox (23.11987pt too wide) in paragraph at lines 1418--1420
\T1/ptm/m/n/10 the pre-dic-tion func-tions \T1/zi4/m/n/10 parallelReserve()\T1/
ptm/m/n/10 , \T1/zi4/m/n/10 mcReserve()\T1/ptm/m/n/10 , and \T1/zi4/m/n/10 perm
uteReserve() 
[24]
Overfull \hbox (22.9992pt too wide) in paragraph at lines 1515--1517
[]\T1/ptm/m/n/10 an ob-ject of the class \T1/zi4/m/n/10 permutedReserve \T1/ptm
/m/n/10 -- i.e., the out-put form the \T1/zi4/m/n/10 permuteReserve()

Overfull \hbox (5.16837pt too wide) in paragraph at lines 1528--1534
[]\T1/ptm/m/n/10 Summary of the com-pleted func-tional pro-files (pro-vided by 
one of the func-tions \T1/zi4/m/n/10 parallelReserve()
[25] [26] [27]
No file Rd2.ind.
[28]
(/private/var/folders/yv/45924zqs611_sr4ly2hghbrm0000gn/T/RtmpksIqpm/Rd2pdf1193
92b41e33f/Rd2.aux)

Package rerunfilecheck Warning: File `Rd2.out' has changed.
(rerunfilecheck)                Rerun to get outlines right
(rerunfilecheck)                or use package `bookmark'.

 )
(see the transcript file for additional information){/usr/local/texlive/2020/te
xmf-dist/fonts/enc/dvips/inconsolata/i4-ts1.enc}{/usr/local/texlive/2020/texmf-
dist/fonts/enc/dvips/base/8r.enc}{/usr/local/texlive/2020/texmf-dist/fonts/enc/
dvips/inconsolata/i4-t1-0.enc}</usr/local/texlive/2020/texmf-dist/fonts/type1/p
ublic/inconsolata/Inconsolata-zi4r.pfb></usr/local/texlive/2020/texmf-dist/font
s/type1/urw/helvetic/uhvr8a.pfb></usr/local/texlive/2020/texmf-dist/fonts/type1
/urw/times/utmb8a.pfb></usr/local/texlive/2020/texmf-dist/fonts/type1/urw/times
/utmr8a.pfb></usr/local/texlive/2020/texmf-dist/fonts/type1/urw/times/utmr8a.pf
b></usr/local/texlive/2020/texmf-dist/fonts/type1/urw/times/utmri8a.pfb>
Output written on Rd2.pdf (28 pages, 150924 bytes).
Transcript written on Rd2.log.
This is pdfTeX, Version 3.14159265-2.6-1.40.21 (TeX Live 2020) (preloaded format=pdflatex)
 restricted \write18 enabled.
entering extended mode
LaTeX2e <2020-02-02> patch level 5
L3 programming layer <2020-03-06>
(./Rd2.tex
(/usr/local/texlive/2020/texmf-dist/tex/latex/base/book.cls
Document Class: book 2019/12/20 v1.4l Standard LaTeX document class
(/usr/local/texlive/2020/texmf-dist/tex/latex/base/bk10.clo))
(/Library/Frameworks/R.framework/Resources/share/texmf/tex/latex/Rd.sty
(/usr/local/texlive/2020/texmf-dist/tex/latex/base/ifthen.sty)
(/usr/local/texlive/2020/texmf-dist/tex/latex/tools/longtable.sty)
(/usr/local/texlive/2020/texmf-dist/tex/latex/tools/bm.sty)
(/usr/local/texlive/2020/texmf-dist/tex/latex/base/alltt.sty)
(/usr/local/texlive/2020/texmf-dist/tex/latex/tools/verbatim.sty)
(/usr/local/texlive/2020/texmf-dist/tex/latex/url/url.sty)
(/usr/local/texlive/2020/texmf-dist/tex/latex/base/textcomp.sty)
(/usr/local/texlive/2020/texmf-dist/tex/latex/base/fontenc.sty)
(/usr/local/texlive/2020/texmf-dist/tex/latex/psnfss/times.sty)
(/usr/local/texlive/2020/texmf-dist/tex/latex/inconsolata/zi4.sty
`inconsolata-zi4' v1.12, 2019/05/17 Text macros for Inconsolata (msharpe)
(/usr/local/texlive/2020/texmf-dist/tex/latex/xkeyval/xkeyval.sty
(/usr/local/texlive/2020/texmf-dist/tex/generic/xkeyval/xkeyval.tex
(/usr/local/texlive/2020/texmf-dist/tex/generic/xkeyval/xkvutils.tex
(/usr/local/texlive/2020/texmf-dist/tex/generic/xkeyval/keyval.tex)))))
(/usr/local/texlive/2020/texmf-dist/tex/latex/graphics/color.sty
(/usr/local/texlive/2020/texmf-dist/tex/latex/graphics-cfg/color.cfg)
(/usr/local/texlive/2020/texmf-dist/tex/latex/graphics-def/pdftex.def))
(/usr/local/texlive/2020/texmf-dist/tex/latex/hyperref/hyperref.sty
(/usr/local/texlive/2020/texmf-dist/tex/generic/ltxcmds/ltxcmds.sty)
(/usr/local/texlive/2020/texmf-dist/tex/generic/iftex/iftex.sty)
(/usr/local/texlive/2020/texmf-dist/tex/latex/pdftexcmds/pdftexcmds.sty
(/usr/local/texlive/2020/texmf-dist/tex/generic/infwarerr/infwarerr.sty))
(/usr/local/texlive/2020/texmf-dist/tex/generic/kvsetkeys/kvsetkeys.sty)
(/usr/local/texlive/2020/texmf-dist/tex/generic/kvdefinekeys/kvdefinekeys.sty)
(/usr/local/texlive/2020/texmf-dist/tex/generic/pdfescape/pdfescape.sty)
(/usr/local/texlive/2020/texmf-dist/tex/latex/hycolor/hycolor.sty)
(/usr/local/texlive/2020/texmf-dist/tex/latex/letltxmacro/letltxmacro.sty)
(/usr/local/texlive/2020/texmf-dist/tex/latex/auxhook/auxhook.sty)
(/usr/local/texlive/2020/texmf-dist/tex/latex/kvoptions/kvoptions.sty)
(/usr/local/texlive/2020/texmf-dist/tex/latex/hyperref/pd1enc.def)
(/usr/local/texlive/2020/texmf-dist/tex/generic/intcalc/intcalc.sty)
(/usr/local/texlive/2020/texmf-dist/tex/generic/etexcmds/etexcmds.sty)
(/usr/local/texlive/2020/texmf-dist/tex/generic/bitset/bitset.sty
(/usr/local/texlive/2020/texmf-dist/tex/generic/bigintcalc/bigintcalc.sty))
(/usr/local/texlive/2020/texmf-dist/tex/generic/atbegshi/atbegshi.sty))
(/usr/local/texlive/2020/texmf-dist/tex/latex/hyperref/hpdftex.def
(/usr/local/texlive/2020/texmf-dist/tex/latex/atveryend/atveryend.sty)
(/usr/local/texlive/2020/texmf-dist/tex/latex/rerunfilecheck/rerunfilecheck.sty

(/usr/local/texlive/2020/texmf-dist/tex/generic/uniquecounter/uniquecounter.sty
)))

Package hyperref Warning: Option `hyperindex' has already been used,
(hyperref)                setting the option has no effect on input line 377.


Package hyperref Warning: Option `pagebackref' has already been used,
(hyperref)                setting the option has no effect on input line 377.

) (/usr/local/texlive/2020/texmf-dist/tex/latex/base/makeidx.sty)
(/usr/local/texlive/2020/texmf-dist/tex/latex/base/inputenc.sty)
Writing index file Rd2.idx
(/usr/local/texlive/2020/texmf-dist/tex/latex/l3backend/l3backend-pdfmode.def)
(/private/var/folders/yv/45924zqs611_sr4ly2hghbrm0000gn/T/RtmpksIqpm/Rd2pdf1193
92b41e33f/Rd2.aux)
(/usr/local/texlive/2020/texmf-dist/tex/latex/psnfss/t1ptm.fd)
(/usr/local/texlive/2020/texmf-dist/tex/context/base/mkii/supp-pdf.mkii
[Loading MPS to PDF converter (version 2006.09.02).]
) (/usr/local/texlive/2020/texmf-dist/tex/latex/hyperref/nameref.sty
(/usr/local/texlive/2020/texmf-dist/tex/latex/refcount/refcount.sty)
(/usr/local/texlive/2020/texmf-dist/tex/generic/gettitlestring/gettitlestring.s
ty))
(/private/var/folders/yv/45924zqs611_sr4ly2hghbrm0000gn/T/RtmpksIqpm/Rd2pdf1193
92b41e33f/Rd2.out)
(/private/var/folders/yv/45924zqs611_sr4ly2hghbrm0000gn/T/RtmpksIqpm/Rd2pdf1193
92b41e33f/Rd2.out)
(/usr/local/texlive/2020/texmf-dist/tex/latex/inconsolata/t1zi4.fd)
(/usr/local/texlive/2020/texmf-dist/tex/latex/psnfss/t1phv.fd

LaTeX Warning: Font shape declaration has incorrect series value `mc'.
               It should not contain an `m'! Please correct it.
               Found on input line 20.


LaTeX Warning: Font shape declaration has incorrect series value `mc'.
               It should not contain an `m'! Please correct it.
               Found on input line 23.


LaTeX Warning: Font shape declaration has incorrect series value `mc'.
               It should not contain an `m'! Please correct it.
               Found on input line 26.


LaTeX Warning: Font shape declaration has incorrect series value `mc'.
               It should not contain an `m'! Please correct it.
               Found on input line 46.

)
(/private/var/folders/yv/45924zqs611_sr4ly2hghbrm0000gn/T/RtmpksIqpm/Rd2pdf1193
92b41e33f/Rd2.toc [1{/usr/local/texlive/2020/texmf-var/fonts/map/pdftex/updmap/
pdftex.map}]) [2] [3] [4] [5]
Overfull \hbox (1.47833pt too wide) in paragraph at lines 318--320
[]\T1/ptm/m/n/10 the set of ex-plicit data-driven breaks as used (by DE-FAULT) 
by the \T1/zi4/m/n/10 mcReserve()
[6] [7] [8] [9]
(/usr/local/texlive/2020/texmf-dist/tex/latex/inconsolata/ts1zi4.fd) [10]
[11] [12] [13] [14] [15]
Overfull \hbox (37.26941pt too wide) in paragraph at lines 950--957
\T1/ptm/m/n/10 pack-age (specif-i-cally the func-tions \T1/zi4/m/n/10 chainladd
er()\T1/ptm/m/n/10 , \T1/zi4/m/n/10 glmReserve()\T1/ptm/m/n/10 , \T1/zi4/m/n/10
 tweedieReserve()\T1/ptm/m/n/10 ,

Overfull \hbox (36.94911pt too wide) in paragraph at lines 950--957
\T1/ptm/m/n/10 and \T1/zi4/m/n/10 MackChainLadder()\T1/ptm/m/n/10 ). The fol-lo
w-ing \T1/zi4/m/n/10 object\T1/ptm/m/n/10 's classes are al-lowed: \T1/zi4/m/n/
10 profileLadder\T1/ptm/m/n/10 ,
[16]
Overfull \hbox (1.1975pt too wide) in paragraph at lines 982--989
[]\T1/ptm/m/n/10 numeric vec-tor with four val-ues sum-ma-riz-ing the es-ti-mat
ed re-serve: Paid amount
[17] [18] [19]
Overfull \hbox (11.88936pt too wide) in paragraph at lines 1141--1143
[]\T1/ptm/m/n/10 an ob-ject of the class \T1/zi4/m/n/10 permutedReserve \T1/ptm
/m/n/10 -- i.e., the out-put of the \T1/zi4/m/n/10 permuteReserve()
[20]
Overfull \hbox (31.46959pt too wide) in paragraph at lines 1199--1201
[]\T1/ptm/m/n/10 an ob-ject of the class \T1/zi4/m/n/10 profileLadder \T1/ptm/m
/n/10 (out-put form \T1/zi4/m/n/10 parallelReserve()\T1/ptm/m/n/10 , \T1/zi4/m/
n/10 mcReserve()\T1/ptm/m/n/10 ,
[21] [22] [23] [24]
Overfull \hbox (23.11987pt too wide) in paragraph at lines 1418--1420
\T1/ptm/m/n/10 the pre-dic-tion func-tions \T1/zi4/m/n/10 parallelReserve()\T1/
ptm/m/n/10 , \T1/zi4/m/n/10 mcReserve()\T1/ptm/m/n/10 , and \T1/zi4/m/n/10 perm
uteReserve() 
[25]
Overfull \hbox (22.9992pt too wide) in paragraph at lines 1515--1517
[]\T1/ptm/m/n/10 an ob-ject of the class \T1/zi4/m/n/10 permutedReserve \T1/ptm
/m/n/10 -- i.e., the out-put form the \T1/zi4/m/n/10 permuteReserve()

Overfull \hbox (5.16837pt too wide) in paragraph at lines 1528--1534
[]\T1/ptm/m/n/10 Summary of the com-pleted func-tional pro-files (pro-vided by 
one of the func-tions \T1/zi4/m/n/10 parallelReserve()
[26] [27] [28]
No file Rd2.ind.
[29]
(/private/var/folders/yv/45924zqs611_sr4ly2hghbrm0000gn/T/RtmpksIqpm/Rd2pdf1193
92b41e33f/Rd2.aux) )
(see the transcript file for additional information){/usr/local/texlive/2020/te
xmf-dist/fonts/enc/dvips/inconsolata/i4-ts1.enc}{/usr/local/texlive/2020/texmf-
dist/fonts/enc/dvips/base/8r.enc}{/usr/local/texlive/2020/texmf-dist/fonts/enc/
dvips/inconsolata/i4-t1-0.enc}</usr/local/texlive/2020/texmf-dist/fonts/type1/p
ublic/inconsolata/Inconsolata-zi4r.pfb></usr/local/texlive/2020/texmf-dist/font
s/type1/urw/helvetic/uhvr8a.pfb></usr/local/texlive/2020/texmf-dist/fonts/type1
/urw/times/utmb8a.pfb></usr/local/texlive/2020/texmf-dist/fonts/type1/urw/times
/utmr8a.pfb></usr/local/texlive/2020/texmf-dist/fonts/type1/urw/times/utmr8a.pf
b></usr/local/texlive/2020/texmf-dist/fonts/type1/urw/times/utmri8a.pfb>
Output written on Rd2.pdf (29 pages, 153861 bytes).
Transcript written on Rd2.log.
This is makeindex, version 2.15 [TeX Live 2020] (kpathsea + Thai support).
Scanning input file Rd2.idx....done (83 entries accepted, 0 rejected).
Sorting entries....done (570 comparisons).
Generating output file Rd2.ind....done (109 lines written, 0 warnings).
Output written in Rd2.ind.
Transcript written in Rd2.ilg.
This is pdfTeX, Version 3.14159265-2.6-1.40.21 (TeX Live 2020) (preloaded format=pdflatex)
 restricted \write18 enabled.
entering extended mode
LaTeX2e <2020-02-02> patch level 5
L3 programming layer <2020-03-06>
(./Rd2.tex
(/usr/local/texlive/2020/texmf-dist/tex/latex/base/book.cls
Document Class: book 2019/12/20 v1.4l Standard LaTeX document class
(/usr/local/texlive/2020/texmf-dist/tex/latex/base/bk10.clo))
(/Library/Frameworks/R.framework/Resources/share/texmf/tex/latex/Rd.sty
(/usr/local/texlive/2020/texmf-dist/tex/latex/base/ifthen.sty)
(/usr/local/texlive/2020/texmf-dist/tex/latex/tools/longtable.sty)
(/usr/local/texlive/2020/texmf-dist/tex/latex/tools/bm.sty)
(/usr/local/texlive/2020/texmf-dist/tex/latex/base/alltt.sty)
(/usr/local/texlive/2020/texmf-dist/tex/latex/tools/verbatim.sty)
(/usr/local/texlive/2020/texmf-dist/tex/latex/url/url.sty)
(/usr/local/texlive/2020/texmf-dist/tex/latex/base/textcomp.sty)
(/usr/local/texlive/2020/texmf-dist/tex/latex/base/fontenc.sty)
(/usr/local/texlive/2020/texmf-dist/tex/latex/psnfss/times.sty)
(/usr/local/texlive/2020/texmf-dist/tex/latex/inconsolata/zi4.sty
`inconsolata-zi4' v1.12, 2019/05/17 Text macros for Inconsolata (msharpe)
(/usr/local/texlive/2020/texmf-dist/tex/latex/xkeyval/xkeyval.sty
(/usr/local/texlive/2020/texmf-dist/tex/generic/xkeyval/xkeyval.tex
(/usr/local/texlive/2020/texmf-dist/tex/generic/xkeyval/xkvutils.tex
(/usr/local/texlive/2020/texmf-dist/tex/generic/xkeyval/keyval.tex)))))
(/usr/local/texlive/2020/texmf-dist/tex/latex/graphics/color.sty
(/usr/local/texlive/2020/texmf-dist/tex/latex/graphics-cfg/color.cfg)
(/usr/local/texlive/2020/texmf-dist/tex/latex/graphics-def/pdftex.def))
(/usr/local/texlive/2020/texmf-dist/tex/latex/hyperref/hyperref.sty
(/usr/local/texlive/2020/texmf-dist/tex/generic/ltxcmds/ltxcmds.sty)
(/usr/local/texlive/2020/texmf-dist/tex/generic/iftex/iftex.sty)
(/usr/local/texlive/2020/texmf-dist/tex/latex/pdftexcmds/pdftexcmds.sty
(/usr/local/texlive/2020/texmf-dist/tex/generic/infwarerr/infwarerr.sty))
(/usr/local/texlive/2020/texmf-dist/tex/generic/kvsetkeys/kvsetkeys.sty)
(/usr/local/texlive/2020/texmf-dist/tex/generic/kvdefinekeys/kvdefinekeys.sty)
(/usr/local/texlive/2020/texmf-dist/tex/generic/pdfescape/pdfescape.sty)
(/usr/local/texlive/2020/texmf-dist/tex/latex/hycolor/hycolor.sty)
(/usr/local/texlive/2020/texmf-dist/tex/latex/letltxmacro/letltxmacro.sty)
(/usr/local/texlive/2020/texmf-dist/tex/latex/auxhook/auxhook.sty)
(/usr/local/texlive/2020/texmf-dist/tex/latex/kvoptions/kvoptions.sty)
(/usr/local/texlive/2020/texmf-dist/tex/latex/hyperref/pd1enc.def)
(/usr/local/texlive/2020/texmf-dist/tex/generic/intcalc/intcalc.sty)
(/usr/local/texlive/2020/texmf-dist/tex/generic/etexcmds/etexcmds.sty)
(/usr/local/texlive/2020/texmf-dist/tex/generic/bitset/bitset.sty
(/usr/local/texlive/2020/texmf-dist/tex/generic/bigintcalc/bigintcalc.sty))
(/usr/local/texlive/2020/texmf-dist/tex/generic/atbegshi/atbegshi.sty))
(/usr/local/texlive/2020/texmf-dist/tex/latex/hyperref/hpdftex.def
(/usr/local/texlive/2020/texmf-dist/tex/latex/atveryend/atveryend.sty)
(/usr/local/texlive/2020/texmf-dist/tex/latex/rerunfilecheck/rerunfilecheck.sty

(/usr/local/texlive/2020/texmf-dist/tex/generic/uniquecounter/uniquecounter.sty
)))

Package hyperref Warning: Option `hyperindex' has already been used,
(hyperref)                setting the option has no effect on input line 377.


Package hyperref Warning: Option `pagebackref' has already been used,
(hyperref)                setting the option has no effect on input line 377.

) (/usr/local/texlive/2020/texmf-dist/tex/latex/base/makeidx.sty)
(/usr/local/texlive/2020/texmf-dist/tex/latex/base/inputenc.sty)
Writing index file Rd2.idx
(/usr/local/texlive/2020/texmf-dist/tex/latex/l3backend/l3backend-pdfmode.def)
(/private/var/folders/yv/45924zqs611_sr4ly2hghbrm0000gn/T/RtmpksIqpm/Rd2pdf1193
92b41e33f/Rd2.aux)
(/usr/local/texlive/2020/texmf-dist/tex/latex/psnfss/t1ptm.fd)
(/usr/local/texlive/2020/texmf-dist/tex/context/base/mkii/supp-pdf.mkii
[Loading MPS to PDF converter (version 2006.09.02).]
) (/usr/local/texlive/2020/texmf-dist/tex/latex/hyperref/nameref.sty
(/usr/local/texlive/2020/texmf-dist/tex/latex/refcount/refcount.sty)
(/usr/local/texlive/2020/texmf-dist/tex/generic/gettitlestring/gettitlestring.s
ty))
(/private/var/folders/yv/45924zqs611_sr4ly2hghbrm0000gn/T/RtmpksIqpm/Rd2pdf1193
92b41e33f/Rd2.out)
(/private/var/folders/yv/45924zqs611_sr4ly2hghbrm0000gn/T/RtmpksIqpm/Rd2pdf1193
92b41e33f/Rd2.out)
(/usr/local/texlive/2020/texmf-dist/tex/latex/inconsolata/t1zi4.fd)
(/usr/local/texlive/2020/texmf-dist/tex/latex/psnfss/t1phv.fd

LaTeX Warning: Font shape declaration has incorrect series value `mc'.
               It should not contain an `m'! Please correct it.
               Found on input line 20.


LaTeX Warning: Font shape declaration has incorrect series value `mc'.
               It should not contain an `m'! Please correct it.
               Found on input line 23.


LaTeX Warning: Font shape declaration has incorrect series value `mc'.
               It should not contain an `m'! Please correct it.
               Found on input line 26.


LaTeX Warning: Font shape declaration has incorrect series value `mc'.
               It should not contain an `m'! Please correct it.
               Found on input line 46.

)
(/private/var/folders/yv/45924zqs611_sr4ly2hghbrm0000gn/T/RtmpksIqpm/Rd2pdf1193
92b41e33f/Rd2.toc [1{/usr/local/texlive/2020/texmf-var/fonts/map/pdftex/updmap/
pdftex.map}]) [2] [3] [4] [5]
Overfull \hbox (1.47833pt too wide) in paragraph at lines 318--320
[]\T1/ptm/m/n/10 the set of ex-plicit data-driven breaks as used (by DE-FAULT) 
by the \T1/zi4/m/n/10 mcReserve()
[6] [7] [8] [9]
(/usr/local/texlive/2020/texmf-dist/tex/latex/inconsolata/ts1zi4.fd) [10]
[11] [12] [13] [14] [15]
Overfull \hbox (37.26941pt too wide) in paragraph at lines 950--957
\T1/ptm/m/n/10 pack-age (specif-i-cally the func-tions \T1/zi4/m/n/10 chainladd
er()\T1/ptm/m/n/10 , \T1/zi4/m/n/10 glmReserve()\T1/ptm/m/n/10 , \T1/zi4/m/n/10
 tweedieReserve()\T1/ptm/m/n/10 ,

Overfull \hbox (36.94911pt too wide) in paragraph at lines 950--957
\T1/ptm/m/n/10 and \T1/zi4/m/n/10 MackChainLadder()\T1/ptm/m/n/10 ). The fol-lo
w-ing \T1/zi4/m/n/10 object\T1/ptm/m/n/10 's classes are al-lowed: \T1/zi4/m/n/
10 profileLadder\T1/ptm/m/n/10 ,
[16]
Overfull \hbox (1.1975pt too wide) in paragraph at lines 982--989
[]\T1/ptm/m/n/10 numeric vec-tor with four val-ues sum-ma-riz-ing the es-ti-mat
ed re-serve: Paid amount
[17] [18] [19]
Overfull \hbox (11.88936pt too wide) in paragraph at lines 1141--1143
[]\T1/ptm/m/n/10 an ob-ject of the class \T1/zi4/m/n/10 permutedReserve \T1/ptm
/m/n/10 -- i.e., the out-put of the \T1/zi4/m/n/10 permuteReserve()
[20]
Overfull \hbox (31.46959pt too wide) in paragraph at lines 1199--1201
[]\T1/ptm/m/n/10 an ob-ject of the class \T1/zi4/m/n/10 profileLadder \T1/ptm/m
/n/10 (out-put form \T1/zi4/m/n/10 parallelReserve()\T1/ptm/m/n/10 , \T1/zi4/m/
n/10 mcReserve()\T1/ptm/m/n/10 ,
[21] [22] [23] [24]
Overfull \hbox (23.11987pt too wide) in paragraph at lines 1418--1420
\T1/ptm/m/n/10 the pre-dic-tion func-tions \T1/zi4/m/n/10 parallelReserve()\T1/
ptm/m/n/10 , \T1/zi4/m/n/10 mcReserve()\T1/ptm/m/n/10 , and \T1/zi4/m/n/10 perm
uteReserve() 
[25]
Overfull \hbox (22.9992pt too wide) in paragraph at lines 1515--1517
[]\T1/ptm/m/n/10 an ob-ject of the class \T1/zi4/m/n/10 permutedReserve \T1/ptm
/m/n/10 -- i.e., the out-put form the \T1/zi4/m/n/10 permuteReserve()

Overfull \hbox (5.16837pt too wide) in paragraph at lines 1528--1534
[]\T1/ptm/m/n/10 Summary of the com-pleted func-tional pro-files (pro-vided by 
one of the func-tions \T1/zi4/m/n/10 parallelReserve()
[26] [27] [28]
(/private/var/folders/yv/45924zqs611_sr4ly2hghbrm0000gn/T/RtmpksIqpm/Rd2pdf1193
92b41e33f/Rd2.ind [29] [30])
(/private/var/folders/yv/45924zqs611_sr4ly2hghbrm0000gn/T/RtmpksIqpm/Rd2pdf1193
92b41e33f/Rd2.aux)

Package rerunfilecheck Warning: File `Rd2.out' has changed.
(rerunfilecheck)                Rerun to get outlines right
(rerunfilecheck)                or use package `bookmark'.

 )
(see the transcript file for additional information){/usr/local/texlive/2020/te
xmf-dist/fonts/enc/dvips/inconsolata/i4-ts1.enc}{/usr/local/texlive/2020/texmf-
dist/fonts/enc/dvips/base/8r.enc}{/usr/local/texlive/2020/texmf-dist/fonts/enc/
dvips/inconsolata/i4-t1-0.enc}</usr/local/texlive/2020/texmf-dist/fonts/type1/p
ublic/inconsolata/Inconsolata-zi4r.pfb></usr/local/texlive/2020/texmf-dist/font
s/type1/urw/helvetic/uhvr8a.pfb></usr/local/texlive/2020/texmf-dist/fonts/type1
/urw/times/utmb8a.pfb></usr/local/texlive/2020/texmf-dist/fonts/type1/urw/times
/utmr8a.pfb></usr/local/texlive/2020/texmf-dist/fonts/type1/urw/times/utmr8a.pf
b></usr/local/texlive/2020/texmf-dist/fonts/type1/urw/times/utmri8a.pfb>
Output written on Rd2.pdf (30 pages, 158558 bytes).
Transcript written on Rd2.log.
This is makeindex, version 2.15 [TeX Live 2020] (kpathsea + Thai support).
Scanning input file Rd2.idx....done (83 entries accepted, 0 rejected).
Sorting entries....done (570 comparisons).
Generating output file Rd2.ind....done (109 lines written, 0 warnings).
Output written in Rd2.ind.
Transcript written in Rd2.ilg.
This is pdfTeX, Version 3.14159265-2.6-1.40.21 (TeX Live 2020) (preloaded format=pdflatex)
 restricted \write18 enabled.
entering extended mode
LaTeX2e <2020-02-02> patch level 5
L3 programming layer <2020-03-06>
(./Rd2.tex
(/usr/local/texlive/2020/texmf-dist/tex/latex/base/book.cls
Document Class: book 2019/12/20 v1.4l Standard LaTeX document class
(/usr/local/texlive/2020/texmf-dist/tex/latex/base/bk10.clo))
(/Library/Frameworks/R.framework/Resources/share/texmf/tex/latex/Rd.sty
(/usr/local/texlive/2020/texmf-dist/tex/latex/base/ifthen.sty)
(/usr/local/texlive/2020/texmf-dist/tex/latex/tools/longtable.sty)
(/usr/local/texlive/2020/texmf-dist/tex/latex/tools/bm.sty)
(/usr/local/texlive/2020/texmf-dist/tex/latex/base/alltt.sty)
(/usr/local/texlive/2020/texmf-dist/tex/latex/tools/verbatim.sty)
(/usr/local/texlive/2020/texmf-dist/tex/latex/url/url.sty)
(/usr/local/texlive/2020/texmf-dist/tex/latex/base/textcomp.sty)
(/usr/local/texlive/2020/texmf-dist/tex/latex/base/fontenc.sty)
(/usr/local/texlive/2020/texmf-dist/tex/latex/psnfss/times.sty)
(/usr/local/texlive/2020/texmf-dist/tex/latex/inconsolata/zi4.sty
`inconsolata-zi4' v1.12, 2019/05/17 Text macros for Inconsolata (msharpe)
(/usr/local/texlive/2020/texmf-dist/tex/latex/xkeyval/xkeyval.sty
(/usr/local/texlive/2020/texmf-dist/tex/generic/xkeyval/xkeyval.tex
(/usr/local/texlive/2020/texmf-dist/tex/generic/xkeyval/xkvutils.tex
(/usr/local/texlive/2020/texmf-dist/tex/generic/xkeyval/keyval.tex)))))
(/usr/local/texlive/2020/texmf-dist/tex/latex/graphics/color.sty
(/usr/local/texlive/2020/texmf-dist/tex/latex/graphics-cfg/color.cfg)
(/usr/local/texlive/2020/texmf-dist/tex/latex/graphics-def/pdftex.def))
(/usr/local/texlive/2020/texmf-dist/tex/latex/hyperref/hyperref.sty
(/usr/local/texlive/2020/texmf-dist/tex/generic/ltxcmds/ltxcmds.sty)
(/usr/local/texlive/2020/texmf-dist/tex/generic/iftex/iftex.sty)
(/usr/local/texlive/2020/texmf-dist/tex/latex/pdftexcmds/pdftexcmds.sty
(/usr/local/texlive/2020/texmf-dist/tex/generic/infwarerr/infwarerr.sty))
(/usr/local/texlive/2020/texmf-dist/tex/generic/kvsetkeys/kvsetkeys.sty)
(/usr/local/texlive/2020/texmf-dist/tex/generic/kvdefinekeys/kvdefinekeys.sty)
(/usr/local/texlive/2020/texmf-dist/tex/generic/pdfescape/pdfescape.sty)
(/usr/local/texlive/2020/texmf-dist/tex/latex/hycolor/hycolor.sty)
(/usr/local/texlive/2020/texmf-dist/tex/latex/letltxmacro/letltxmacro.sty)
(/usr/local/texlive/2020/texmf-dist/tex/latex/auxhook/auxhook.sty)
(/usr/local/texlive/2020/texmf-dist/tex/latex/kvoptions/kvoptions.sty)
(/usr/local/texlive/2020/texmf-dist/tex/latex/hyperref/pd1enc.def)
(/usr/local/texlive/2020/texmf-dist/tex/generic/intcalc/intcalc.sty)
(/usr/local/texlive/2020/texmf-dist/tex/generic/etexcmds/etexcmds.sty)
(/usr/local/texlive/2020/texmf-dist/tex/generic/bitset/bitset.sty
(/usr/local/texlive/2020/texmf-dist/tex/generic/bigintcalc/bigintcalc.sty))
(/usr/local/texlive/2020/texmf-dist/tex/generic/atbegshi/atbegshi.sty))
(/usr/local/texlive/2020/texmf-dist/tex/latex/hyperref/hpdftex.def
(/usr/local/texlive/2020/texmf-dist/tex/latex/atveryend/atveryend.sty)
(/usr/local/texlive/2020/texmf-dist/tex/latex/rerunfilecheck/rerunfilecheck.sty

(/usr/local/texlive/2020/texmf-dist/tex/generic/uniquecounter/uniquecounter.sty
)))

Package hyperref Warning: Option `hyperindex' has already been used,
(hyperref)                setting the option has no effect on input line 377.


Package hyperref Warning: Option `pagebackref' has already been used,
(hyperref)                setting the option has no effect on input line 377.

) (/usr/local/texlive/2020/texmf-dist/tex/latex/base/makeidx.sty)
(/usr/local/texlive/2020/texmf-dist/tex/latex/base/inputenc.sty)
Writing index file Rd2.idx
(/usr/local/texlive/2020/texmf-dist/tex/latex/l3backend/l3backend-pdfmode.def)
(/private/var/folders/yv/45924zqs611_sr4ly2hghbrm0000gn/T/RtmpksIqpm/Rd2pdf1193
92b41e33f/Rd2.aux)
(/usr/local/texlive/2020/texmf-dist/tex/latex/psnfss/t1ptm.fd)
(/usr/local/texlive/2020/texmf-dist/tex/context/base/mkii/supp-pdf.mkii
[Loading MPS to PDF converter (version 2006.09.02).]
) (/usr/local/texlive/2020/texmf-dist/tex/latex/hyperref/nameref.sty
(/usr/local/texlive/2020/texmf-dist/tex/latex/refcount/refcount.sty)
(/usr/local/texlive/2020/texmf-dist/tex/generic/gettitlestring/gettitlestring.s
ty))
(/private/var/folders/yv/45924zqs611_sr4ly2hghbrm0000gn/T/RtmpksIqpm/Rd2pdf1193
92b41e33f/Rd2.out)
(/private/var/folders/yv/45924zqs611_sr4ly2hghbrm0000gn/T/RtmpksIqpm/Rd2pdf1193
92b41e33f/Rd2.out)
(/usr/local/texlive/2020/texmf-dist/tex/latex/inconsolata/t1zi4.fd)
(/usr/local/texlive/2020/texmf-dist/tex/latex/psnfss/t1phv.fd

LaTeX Warning: Font shape declaration has incorrect series value `mc'.
               It should not contain an `m'! Please correct it.
               Found on input line 20.


LaTeX Warning: Font shape declaration has incorrect series value `mc'.
               It should not contain an `m'! Please correct it.
               Found on input line 23.


LaTeX Warning: Font shape declaration has incorrect series value `mc'.
               It should not contain an `m'! Please correct it.
               Found on input line 26.


LaTeX Warning: Font shape declaration has incorrect series value `mc'.
               It should not contain an `m'! Please correct it.
               Found on input line 46.

)
(/private/var/folders/yv/45924zqs611_sr4ly2hghbrm0000gn/T/RtmpksIqpm/Rd2pdf1193
92b41e33f/Rd2.toc [1{/usr/local/texlive/2020/texmf-var/fonts/map/pdftex/updmap/
pdftex.map}]) [2] [3] [4] [5]
Overfull \hbox (1.47833pt too wide) in paragraph at lines 318--320
[]\T1/ptm/m/n/10 the set of ex-plicit data-driven breaks as used (by DE-FAULT) 
by the \T1/zi4/m/n/10 mcReserve()
[6] [7] [8] [9]
(/usr/local/texlive/2020/texmf-dist/tex/latex/inconsolata/ts1zi4.fd) [10]
[11] [12] [13] [14] [15]
Overfull \hbox (37.26941pt too wide) in paragraph at lines 950--957
\T1/ptm/m/n/10 pack-age (specif-i-cally the func-tions \T1/zi4/m/n/10 chainladd
er()\T1/ptm/m/n/10 , \T1/zi4/m/n/10 glmReserve()\T1/ptm/m/n/10 , \T1/zi4/m/n/10
 tweedieReserve()\T1/ptm/m/n/10 ,

Overfull \hbox (36.94911pt too wide) in paragraph at lines 950--957
\T1/ptm/m/n/10 and \T1/zi4/m/n/10 MackChainLadder()\T1/ptm/m/n/10 ). The fol-lo
w-ing \T1/zi4/m/n/10 object\T1/ptm/m/n/10 's classes are al-lowed: \T1/zi4/m/n/
10 profileLadder\T1/ptm/m/n/10 ,
[16]
Overfull \hbox (1.1975pt too wide) in paragraph at lines 982--989
[]\T1/ptm/m/n/10 numeric vec-tor with four val-ues sum-ma-riz-ing the es-ti-mat
ed re-serve: Paid amount
[17] [18] [19]
Overfull \hbox (11.88936pt too wide) in paragraph at lines 1141--1143
[]\T1/ptm/m/n/10 an ob-ject of the class \T1/zi4/m/n/10 permutedReserve \T1/ptm
/m/n/10 -- i.e., the out-put of the \T1/zi4/m/n/10 permuteReserve()
[20]
Overfull \hbox (31.46959pt too wide) in paragraph at lines 1199--1201
[]\T1/ptm/m/n/10 an ob-ject of the class \T1/zi4/m/n/10 profileLadder \T1/ptm/m
/n/10 (out-put form \T1/zi4/m/n/10 parallelReserve()\T1/ptm/m/n/10 , \T1/zi4/m/
n/10 mcReserve()\T1/ptm/m/n/10 ,
[21] [22] [23] [24]
Overfull \hbox (23.11987pt too wide) in paragraph at lines 1418--1420
\T1/ptm/m/n/10 the pre-dic-tion func-tions \T1/zi4/m/n/10 parallelReserve()\T1/
ptm/m/n/10 , \T1/zi4/m/n/10 mcReserve()\T1/ptm/m/n/10 , and \T1/zi4/m/n/10 perm
uteReserve() 
[25]
Overfull \hbox (22.9992pt too wide) in paragraph at lines 1515--1517
[]\T1/ptm/m/n/10 an ob-ject of the class \T1/zi4/m/n/10 permutedReserve \T1/ptm
/m/n/10 -- i.e., the out-put form the \T1/zi4/m/n/10 permuteReserve()

Overfull \hbox (5.16837pt too wide) in paragraph at lines 1528--1534
[]\T1/ptm/m/n/10 Summary of the com-pleted func-tional pro-files (pro-vided by 
one of the func-tions \T1/zi4/m/n/10 parallelReserve()
[26] [27] [28]
(/private/var/folders/yv/45924zqs611_sr4ly2hghbrm0000gn/T/RtmpksIqpm/Rd2pdf1193
92b41e33f/Rd2.ind [29] [30])
(/private/var/folders/yv/45924zqs611_sr4ly2hghbrm0000gn/T/RtmpksIqpm/Rd2pdf1193
92b41e33f/Rd2.aux) )
(see the transcript file for additional information){/usr/local/texlive/2020/te
xmf-dist/fonts/enc/dvips/inconsolata/i4-ts1.enc}{/usr/local/texlive/2020/texmf-
dist/fonts/enc/dvips/base/8r.enc}{/usr/local/texlive/2020/texmf-dist/fonts/enc/
dvips/inconsolata/i4-t1-0.enc}</usr/local/texlive/2020/texmf-dist/fonts/type1/p
ublic/inconsolata/Inconsolata-zi4r.pfb></usr/local/texlive/2020/texmf-dist/font
s/type1/urw/helvetic/uhvr8a.pfb></usr/local/texlive/2020/texmf-dist/fonts/type1
/urw/times/utmb8a.pfb></usr/local/texlive/2020/texmf-dist/fonts/type1/urw/times
/utmr8a.pfb></usr/local/texlive/2020/texmf-dist/fonts/type1/urw/times/utmr8a.pf
b></usr/local/texlive/2020/texmf-dist/fonts/type1/urw/times/utmri8a.pfb>
Output written on Rd2.pdf (30 pages, 159157 bytes).
Transcript written on Rd2.log.
This is makeindex, version 2.15 [TeX Live 2020] (kpathsea + Thai support).
Scanning input file Rd2.idx....done (83 entries accepted, 0 rejected).
Sorting entries....done (570 comparisons).
Generating output file Rd2.ind....done (109 lines written, 0 warnings).
Output written in Rd2.ind.
Transcript written in Rd2.ilg.
This is pdfTeX, Version 3.14159265-2.6-1.40.21 (TeX Live 2020) (preloaded format=pdflatex)
 restricted \write18 enabled.
entering extended mode
LaTeX2e <2020-02-02> patch level 5
L3 programming layer <2020-03-06>
(./Rd2.tex
(/usr/local/texlive/2020/texmf-dist/tex/latex/base/book.cls
Document Class: book 2019/12/20 v1.4l Standard LaTeX document class
(/usr/local/texlive/2020/texmf-dist/tex/latex/base/bk10.clo))
(/Library/Frameworks/R.framework/Resources/share/texmf/tex/latex/Rd.sty
(/usr/local/texlive/2020/texmf-dist/tex/latex/base/ifthen.sty)
(/usr/local/texlive/2020/texmf-dist/tex/latex/tools/longtable.sty)
(/usr/local/texlive/2020/texmf-dist/tex/latex/tools/bm.sty)
(/usr/local/texlive/2020/texmf-dist/tex/latex/base/alltt.sty)
(/usr/local/texlive/2020/texmf-dist/tex/latex/tools/verbatim.sty)
(/usr/local/texlive/2020/texmf-dist/tex/latex/url/url.sty)
(/usr/local/texlive/2020/texmf-dist/tex/latex/base/textcomp.sty)
(/usr/local/texlive/2020/texmf-dist/tex/latex/base/fontenc.sty)
(/usr/local/texlive/2020/texmf-dist/tex/latex/psnfss/times.sty)
(/usr/local/texlive/2020/texmf-dist/tex/latex/inconsolata/zi4.sty
`inconsolata-zi4' v1.12, 2019/05/17 Text macros for Inconsolata (msharpe)
(/usr/local/texlive/2020/texmf-dist/tex/latex/xkeyval/xkeyval.sty
(/usr/local/texlive/2020/texmf-dist/tex/generic/xkeyval/xkeyval.tex
(/usr/local/texlive/2020/texmf-dist/tex/generic/xkeyval/xkvutils.tex
(/usr/local/texlive/2020/texmf-dist/tex/generic/xkeyval/keyval.tex)))))
(/usr/local/texlive/2020/texmf-dist/tex/latex/graphics/color.sty
(/usr/local/texlive/2020/texmf-dist/tex/latex/graphics-cfg/color.cfg)
(/usr/local/texlive/2020/texmf-dist/tex/latex/graphics-def/pdftex.def))
(/usr/local/texlive/2020/texmf-dist/tex/latex/hyperref/hyperref.sty
(/usr/local/texlive/2020/texmf-dist/tex/generic/ltxcmds/ltxcmds.sty)
(/usr/local/texlive/2020/texmf-dist/tex/generic/iftex/iftex.sty)
(/usr/local/texlive/2020/texmf-dist/tex/latex/pdftexcmds/pdftexcmds.sty
(/usr/local/texlive/2020/texmf-dist/tex/generic/infwarerr/infwarerr.sty))
(/usr/local/texlive/2020/texmf-dist/tex/generic/kvsetkeys/kvsetkeys.sty)
(/usr/local/texlive/2020/texmf-dist/tex/generic/kvdefinekeys/kvdefinekeys.sty)
(/usr/local/texlive/2020/texmf-dist/tex/generic/pdfescape/pdfescape.sty)
(/usr/local/texlive/2020/texmf-dist/tex/latex/hycolor/hycolor.sty)
(/usr/local/texlive/2020/texmf-dist/tex/latex/letltxmacro/letltxmacro.sty)
(/usr/local/texlive/2020/texmf-dist/tex/latex/auxhook/auxhook.sty)
(/usr/local/texlive/2020/texmf-dist/tex/latex/kvoptions/kvoptions.sty)
(/usr/local/texlive/2020/texmf-dist/tex/latex/hyperref/pd1enc.def)
(/usr/local/texlive/2020/texmf-dist/tex/generic/intcalc/intcalc.sty)
(/usr/local/texlive/2020/texmf-dist/tex/generic/etexcmds/etexcmds.sty)
(/usr/local/texlive/2020/texmf-dist/tex/generic/bitset/bitset.sty
(/usr/local/texlive/2020/texmf-dist/tex/generic/bigintcalc/bigintcalc.sty))
(/usr/local/texlive/2020/texmf-dist/tex/generic/atbegshi/atbegshi.sty))
(/usr/local/texlive/2020/texmf-dist/tex/latex/hyperref/hpdftex.def
(/usr/local/texlive/2020/texmf-dist/tex/latex/atveryend/atveryend.sty)
(/usr/local/texlive/2020/texmf-dist/tex/latex/rerunfilecheck/rerunfilecheck.sty

(/usr/local/texlive/2020/texmf-dist/tex/generic/uniquecounter/uniquecounter.sty
)))

Package hyperref Warning: Option `hyperindex' has already been used,
(hyperref)                setting the option has no effect on input line 377.


Package hyperref Warning: Option `pagebackref' has already been used,
(hyperref)                setting the option has no effect on input line 377.

) (/usr/local/texlive/2020/texmf-dist/tex/latex/base/makeidx.sty)
(/usr/local/texlive/2020/texmf-dist/tex/latex/base/inputenc.sty)
Writing index file Rd2.idx
(/usr/local/texlive/2020/texmf-dist/tex/latex/l3backend/l3backend-pdfmode.def)
(/private/var/folders/yv/45924zqs611_sr4ly2hghbrm0000gn/T/RtmpksIqpm/Rd2pdf1193
92b41e33f/Rd2.aux)
(/usr/local/texlive/2020/texmf-dist/tex/latex/psnfss/t1ptm.fd)
(/usr/local/texlive/2020/texmf-dist/tex/context/base/mkii/supp-pdf.mkii
[Loading MPS to PDF converter (version 2006.09.02).]
) (/usr/local/texlive/2020/texmf-dist/tex/latex/hyperref/nameref.sty
(/usr/local/texlive/2020/texmf-dist/tex/latex/refcount/refcount.sty)
(/usr/local/texlive/2020/texmf-dist/tex/generic/gettitlestring/gettitlestring.s
ty))
(/private/var/folders/yv/45924zqs611_sr4ly2hghbrm0000gn/T/RtmpksIqpm/Rd2pdf1193
92b41e33f/Rd2.out)
(/private/var/folders/yv/45924zqs611_sr4ly2hghbrm0000gn/T/RtmpksIqpm/Rd2pdf1193
92b41e33f/Rd2.out)
(/usr/local/texlive/2020/texmf-dist/tex/latex/inconsolata/t1zi4.fd)
(/usr/local/texlive/2020/texmf-dist/tex/latex/psnfss/t1phv.fd

LaTeX Warning: Font shape declaration has incorrect series value `mc'.
               It should not contain an `m'! Please correct it.
               Found on input line 20.


LaTeX Warning: Font shape declaration has incorrect series value `mc'.
               It should not contain an `m'! Please correct it.
               Found on input line 23.


LaTeX Warning: Font shape declaration has incorrect series value `mc'.
               It should not contain an `m'! Please correct it.
               Found on input line 26.


LaTeX Warning: Font shape declaration has incorrect series value `mc'.
               It should not contain an `m'! Please correct it.
               Found on input line 46.

)
(/private/var/folders/yv/45924zqs611_sr4ly2hghbrm0000gn/T/RtmpksIqpm/Rd2pdf1193
92b41e33f/Rd2.toc [1{/usr/local/texlive/2020/texmf-var/fonts/map/pdftex/updmap/
pdftex.map}]) [2] [3] [4] [5]
Overfull \hbox (1.47833pt too wide) in paragraph at lines 318--320
[]\T1/ptm/m/n/10 the set of ex-plicit data-driven breaks as used (by DE-FAULT) 
by the \T1/zi4/m/n/10 mcReserve()
[6] [7] [8] [9]
(/usr/local/texlive/2020/texmf-dist/tex/latex/inconsolata/ts1zi4.fd) [10]
[11] [12] [13] [14] [15]
Overfull \hbox (37.26941pt too wide) in paragraph at lines 950--957
\T1/ptm/m/n/10 pack-age (specif-i-cally the func-tions \T1/zi4/m/n/10 chainladd
er()\T1/ptm/m/n/10 , \T1/zi4/m/n/10 glmReserve()\T1/ptm/m/n/10 , \T1/zi4/m/n/10
 tweedieReserve()\T1/ptm/m/n/10 ,

Overfull \hbox (36.94911pt too wide) in paragraph at lines 950--957
\T1/ptm/m/n/10 and \T1/zi4/m/n/10 MackChainLadder()\T1/ptm/m/n/10 ). The fol-lo
w-ing \T1/zi4/m/n/10 object\T1/ptm/m/n/10 's classes are al-lowed: \T1/zi4/m/n/
10 profileLadder\T1/ptm/m/n/10 ,
[16]
Overfull \hbox (1.1975pt too wide) in paragraph at lines 982--989
[]\T1/ptm/m/n/10 numeric vec-tor with four val-ues sum-ma-riz-ing the es-ti-mat
ed re-serve: Paid amount
[17] [18] [19]
Overfull \hbox (11.88936pt too wide) in paragraph at lines 1141--1143
[]\T1/ptm/m/n/10 an ob-ject of the class \T1/zi4/m/n/10 permutedReserve \T1/ptm
/m/n/10 -- i.e., the out-put of the \T1/zi4/m/n/10 permuteReserve()
[20]
Overfull \hbox (31.46959pt too wide) in paragraph at lines 1199--1201
[]\T1/ptm/m/n/10 an ob-ject of the class \T1/zi4/m/n/10 profileLadder \T1/ptm/m
/n/10 (out-put form \T1/zi4/m/n/10 parallelReserve()\T1/ptm/m/n/10 , \T1/zi4/m/
n/10 mcReserve()\T1/ptm/m/n/10 ,
[21] [22] [23] [24]
Overfull \hbox (23.11987pt too wide) in paragraph at lines 1418--1420
\T1/ptm/m/n/10 the pre-dic-tion func-tions \T1/zi4/m/n/10 parallelReserve()\T1/
ptm/m/n/10 , \T1/zi4/m/n/10 mcReserve()\T1/ptm/m/n/10 , and \T1/zi4/m/n/10 perm
uteReserve() 
[25]
Overfull \hbox (22.9992pt too wide) in paragraph at lines 1515--1517
[]\T1/ptm/m/n/10 an ob-ject of the class \T1/zi4/m/n/10 permutedReserve \T1/ptm
/m/n/10 -- i.e., the out-put form the \T1/zi4/m/n/10 permuteReserve()

Overfull \hbox (5.16837pt too wide) in paragraph at lines 1528--1534
[]\T1/ptm/m/n/10 Summary of the com-pleted func-tional pro-files (pro-vided by 
one of the func-tions \T1/zi4/m/n/10 parallelReserve()
[26] [27] [28]
(/private/var/folders/yv/45924zqs611_sr4ly2hghbrm0000gn/T/RtmpksIqpm/Rd2pdf1193
92b41e33f/Rd2.ind [29] [30])
(/private/var/folders/yv/45924zqs611_sr4ly2hghbrm0000gn/T/RtmpksIqpm/Rd2pdf1193
92b41e33f/Rd2.aux) )
(see the transcript file for additional information){/usr/local/texlive/2020/te
xmf-dist/fonts/enc/dvips/inconsolata/i4-ts1.enc}{/usr/local/texlive/2020/texmf-
dist/fonts/enc/dvips/base/8r.enc}{/usr/local/texlive/2020/texmf-dist/fonts/enc/
dvips/inconsolata/i4-t1-0.enc}</usr/local/texlive/2020/texmf-dist/fonts/type1/p
ublic/inconsolata/Inconsolata-zi4r.pfb></usr/local/texlive/2020/texmf-dist/font
s/type1/urw/helvetic/uhvr8a.pfb></usr/local/texlive/2020/texmf-dist/fonts/type1
/urw/times/utmb8a.pfb></usr/local/texlive/2020/texmf-dist/fonts/type1/urw/times
/utmr8a.pfb></usr/local/texlive/2020/texmf-dist/fonts/type1/urw/times/utmr8a.pf
b></usr/local/texlive/2020/texmf-dist/fonts/type1/urw/times/utmri8a.pfb>
Output written on Rd2.pdf (30 pages, 159159 bytes).
Transcript written on Rd2.log.
Saving output to ‘ProfileLadder-manual.pdf’ ...
Done
You may want to clean up by 'rm -Rf /var/folders/yv/45924zqs611_sr4ly2hghbrm0000gn/T//RtmpksIqpm/Rd2pdf119392b41e33f'
